Using pre-set license
Built from '2021.3/staging' branch; Version is '2021.3.34f1 (25266724e7bd) revision 2434663'; Using compiler version '192829333'; Build Type 'Release'
OS: 'Windows 11  (10.0.26100) 64bit Core' Language: 'en' Physical Memory: 32548 MB
BatchMode: 1, IsHumanControllingUs: 0, StartBugReporterOnCrash: 0, Is64bit: 1, IsPro: 1

COMMAND LINE ARGUMENTS:
C:\Program Files\Unity\Hub\Editor\2021.3.34f1\Editor\Unity.exe
-adb2
-batchMode
-noUpm
-name
AssetImportWorker0
-projectPath
C:/Users/bryce/FinalGameProject/FinalGameProject2
-logFile
Logs/AssetImportWorker0.log
-srvPort
53452
Successfully changed project path to: C:/Users/bryce/FinalGameProject/FinalGameProject2
C:/Users/bryce/FinalGameProject/FinalGameProject2
[UnityMemory] Configuration Parameters - Can be set up in boot.config
    "memorysetup-bucket-allocator-granularity=16"
    "memorysetup-bucket-allocator-bucket-count=8"
    "memorysetup-bucket-allocator-block-size=33554432"
    "memorysetup-bucket-allocator-block-count=8"
    "memorysetup-main-allocator-block-size=16777216"
    "memorysetup-thread-allocator-block-size=16777216"
    "memorysetup-gfx-main-allocator-block-size=16777216"
    "memorysetup-gfx-thread-allocator-block-size=16777216"
    "memorysetup-cache-allocator-block-size=4194304"
    "memorysetup-typetree-allocator-block-size=2097152"
    "memorysetup-profiler-bucket-allocator-granularity=16"
    "memorysetup-profiler-bucket-allocator-bucket-count=8"
    "memorysetup-profiler-bucket-allocator-block-size=33554432"
    "memorysetup-profiler-bucket-allocator-block-count=8"
    "memorysetup-profiler-allocator-block-size=16777216"
    "memorysetup-profiler-editor-allocator-block-size=1048576"
    "memorysetup-temp-allocator-size-main=16777216"
    "memorysetup-job-temp-allocator-block-size=2097152"
    "memorysetup-job-temp-allocator-block-size-background=1048576"
    "memorysetup-job-temp-allocator-reduction-small-platforms=262144"
    "memorysetup-temp-allocator-size-background-worker=32768"
    "memorysetup-temp-allocator-size-job-worker=262144"
    "memorysetup-temp-allocator-size-preload-manager=33554432"
    "memorysetup-temp-allocator-size-nav-mesh-worker=65536"
    "memorysetup-temp-allocator-size-audio-worker=65536"
    "memorysetup-temp-allocator-size-cloud-worker=32768"
    "memorysetup-temp-allocator-size-gi-baking-worker=262144"
    "memorysetup-temp-allocator-size-gfx=262144"
Player connection [40612] Host "[IP] 192.168.56.1 [Port] 0 [Flags] 2 [Guid] 2239253864 [EditorId] 2239253864 [Version] 1048832 [Id] WindowsEditor(7,Bryce-PC) [Debug] 1 [PackageName] WindowsEditor [ProjectName] Editor" joined multi-casting on [225.0.0.222:54997]...

Player connection [40612] Host "[IP] 192.168.56.1 [Port] 0 [Flags] 2 [Guid] 2239253864 [EditorId] 2239253864 [Version] 1048832 [Id] WindowsEditor(7,Bryce-PC) [Debug] 1 [PackageName] WindowsEditor [ProjectName] Editor" joined alternative multi-casting on [225.0.0.222:34997]...

[Physics::Module] Initialized MultithreadedJobDispatcher with {0} workers.
Refreshing native plugins compatible for Editor in 34.41 ms, found 3 plugins.
Preloading 0 native plugins for Editor in 0.00 ms.
Initialize engine version: 2021.3.34f1 (25266724e7bd)
[Subsystems] Discovering subsystems at path C:/Program Files/Unity/Hub/Editor/2021.3.34f1/Editor/Data/Resources/UnitySubsystems
[Subsystems] Discovering subsystems at path C:/Users/bryce/FinalGameProject/FinalGameProject2/Assets
GfxDevice: creating device client; threaded=0; jobified=0
Direct3D:
    Version:  Direct3D 11.0 [level 11.1]
    Renderer: NVIDIA GeForce RTX 4070 SUPER (ID=0x2783)
    Vendor:   NVIDIA
    VRAM:     11999 MB
    Driver:   32.0.15.5599
Initialize mono
Mono path[0] = 'C:/Program Files/Unity/Hub/Editor/2021.3.34f1/Editor/Data/Managed'
Mono path[1] = 'C:/Program Files/Unity/Hub/Editor/2021.3.34f1/Editor/Data/MonoBleedingEdge/lib/mono/unityjit-win32'
Mono config path = 'C:/Program Files/Unity/Hub/Editor/2021.3.34f1/Editor/Data/MonoBleedingEdge/etc'
Using monoOptions --debugger-agent=transport=dt_socket,embedding=1,server=y,suspend=n,address=127.0.0.1:56032
Begin MonoManager ReloadAssembly
Registering precompiled unity dll's ...
Register platform support module: C:/Program Files/Unity/Hub/Editor/2021.3.34f1/Editor/Data/PlaybackEngines/WindowsStandaloneSupport/UnityEditor.WindowsStandalone.Extensions.dll
Registered in 0.003438 seconds.
Native extension for WindowsStandalone target not found
Refreshing native plugins compatible for Editor in 34.03 ms, found 3 plugins.
Preloading 0 native plugins for Editor in 0.00 ms.
Mono: successfully reloaded assembly
- Completed reload, in  0.355 seconds
Domain Reload Profiling:
	ReloadAssembly (355ms)
		BeginReloadAssembly (56ms)
			ExecutionOrderSort (0ms)
			DisableScriptedObjects (0ms)
			BackupInstance (0ms)
			ReleaseScriptingObjects (0ms)
			CreateAndSetChildDomain (0ms)
		EndReloadAssembly (246ms)
			LoadAssemblies (55ms)
			RebuildTransferFunctionScriptingTraits (0ms)
			SetupTypeCache (58ms)
			ReleaseScriptCaches (0ms)
			RebuildScriptCaches (15ms)
			SetupLoadedEditorAssemblies (150ms)
				LogAssemblyErrors (0ms)
				InitializePlatformSupportModulesInManaged (5ms)
				SetLoadedEditorAssemblies (0ms)
				RefreshPlugins (34ms)
				BeforeProcessingInitializeOnLoad (1ms)
				ProcessInitializeOnLoadAttributes (84ms)
				ProcessInitializeOnLoadMethodAttributes (27ms)
				AfterProcessingInitializeOnLoad (0ms)
				EditorAssembliesLoaded (0ms)
			ExecutionOrderSort2 (0ms)
			AwakeInstancesAfterBackupRestoration (0ms)
Platform modules already initialized, skipping
Registering precompiled user dll's ...
Registered in 0.003497 seconds.
Begin MonoManager ReloadAssembly
Native extension for WindowsStandalone target not found
Refreshing native plugins compatible for Editor in 0.31 ms, found 3 plugins.
Preloading 0 native plugins for Editor in 0.00 ms.
Package Manager log level set to [2]
[Package Manager] Server::EnsureServerProcessIsRunning -- launch failed, reason: Unity was launched with the -noUpm command-line argument
[Package Manager] Cannot connect to Unity Package Manager local server
Mono: successfully reloaded assembly
- Completed reload, in  0.906 seconds
Domain Reload Profiling:
	ReloadAssembly (906ms)
		BeginReloadAssembly (71ms)
			ExecutionOrderSort (0ms)
			DisableScriptedObjects (3ms)
			BackupInstance (0ms)
			ReleaseScriptingObjects (0ms)
			CreateAndSetChildDomain (10ms)
		EndReloadAssembly (777ms)
			LoadAssemblies (56ms)
			RebuildTransferFunctionScriptingTraits (0ms)
			SetupTypeCache (141ms)
			ReleaseScriptCaches (0ms)
			RebuildScriptCaches (25ms)
			SetupLoadedEditorAssemblies (546ms)
				LogAssemblyErrors (0ms)
				InitializePlatformSupportModulesInManaged (3ms)
				SetLoadedEditorAssemblies (0ms)
				RefreshPlugins (0ms)
				BeforeProcessingInitializeOnLoad (40ms)
				ProcessInitializeOnLoadAttributes (486ms)
				ProcessInitializeOnLoadMethodAttributes (12ms)
				AfterProcessingInitializeOnLoad (5ms)
				EditorAssembliesLoaded (0ms)
			ExecutionOrderSort2 (0ms)
			AwakeInstancesAfterBackupRestoration (4ms)
Platform modules already initialized, skipping
========================================================================
Worker process is ready to serve import requests
Launched and connected shader compiler UnityShaderCompiler.exe after 0.03 seconds
Refreshing native plugins compatible for Editor in 0.44 ms, found 3 plugins.
Preloading 0 native plugins for Editor in 0.00 ms.
Unloading 3070 Unused Serialized files (Serialized files now loaded: 0)
Unloading 23 unused Assets / (46.8 KB). Loaded Objects now: 3544.
Memory consumption went from 140.3 MB to 140.2 MB.
Total: 2.019900 ms (FindLiveObjects: 0.174200 ms CreateObjectMapping: 0.064200 ms MarkObjects: 1.723300 ms  DeleteObjects: 0.057600 ms)

AssetImportParameters requested are different than current active one (requested -> active):
  custom:video-decoder-ogg-theora: a1e56fd34408186e4bbccfd4996cb3dc -> 
  custom:container-muxer-webm: aa71ff27fc2769a1b78a27578f13a17b -> 
  custom:container-demuxer-webm: 4f35f7cbe854078d1ac9338744f61a02 -> 
  custom:video-encoder-webm-vp8: eb34c28f22e8b96e1ab97ce403110664 -> 
  custom:video-codec-MediaFoundation-h265: 746d11721c4dcdbdad8f713fa42b33f4 -> 
  custom:CustomObjectIndexerAttribute: bc11b3a6c3213fcdd17b65e7da85e133 -> 
  custom:audio-encoder-webm-vorbis: bf7c407c2cedff20999df2af8eb42d56 -> 
  custom:framework-win-MediaFoundation: 216162199b28c13a410421893ffa2e32 -> 
  custom:SearchIndexIgnoredProperties: e643bd26f0fe6173181afceb89e7c659 -> 
  custom:container-demuxer-ogg: 62fdf1f143b41e24485cea50d1cbac27 -> 
  custom:video-decoder-webm-vp8: 9c59270c3fd7afecdb556c50c9e8de78 -> 
  custom:audio-decoder-ogg-vorbis: bf7c407c2cedff20999df2af8eb42d56 -> 
========================================================================
Received Import Request.
  Time since last request: 912824.516902 seconds.
  path: Assets/Models
  artifactKey: Guid(9ccc9d2f034b49345a2e53321af55bc3) Importer(815301076,1909f56bfc062723c751e8b465ee728b)
Number of updated assets reloaded before import = 0
Start importing Assets/Models using Guid(9ccc9d2f034b49345a2e53321af55bc3) Importer(815301076,1909f56bfc062723c751e8b465ee728b)  -> (artifact id: '1387c7133a857876b89d83a8f54ed9f0') in 0.010804 seconds 
Number of asset objects unloaded after import = 0
========================================================================
Received Import Request.
  Time since last request: 4.584526 seconds.
  path: Assets/Models/character.fbx
  artifactKey: Guid(be3f299f8fdb0ab49bacdf66a0342440) Importer(815301076,1909f56bfc062723c751e8b465ee728b)
Number of updated assets reloaded before import = 0
Start importing Assets/Models/character.fbx using Guid(be3f299f8fdb0ab49bacdf66a0342440) Importer(815301076,1909f56bfc062723c751e8b465ee728b)  -> (artifact id: 'fb12dba1d8a26e988e2bf88cd0d586f7') in 0.134466 seconds 
Number of asset objects unloaded after import = 140
========================================================================
Received Import Request.
  Time since last request: 92.895253 seconds.
  path: Assets/Models/Ch44_nonPBR@T-Pose.fbx
  artifactKey: Guid(0c03a569b4de7c644bf8a5698240a8e6) Importer(815301076,1909f56bfc062723c751e8b465ee728b)
Number of updated assets reloaded before import = 0
Start importing Assets/Models/Ch44_nonPBR@T-Pose.fbx using Guid(0c03a569b4de7c644bf8a5698240a8e6) Importer(815301076,1909f56bfc062723c751e8b465ee728b)  -> (artifact id: '382a57d1e01dd760af4317eacfe9e262') in 0.031414 seconds 
Number of asset objects unloaded after import = 141
========================================================================
Received Import Request.
  Time since last request: 37.366124 seconds.
  path: Assets/Models/T-Pose.fbx
  artifactKey: Guid(e07a706664604cc479bca9860fa36f1a) Importer(815301076,1909f56bfc062723c751e8b465ee728b)
Number of updated assets reloaded before import = 0
Start importing Assets/Models/T-Pose.fbx using Guid(e07a706664604cc479bca9860fa36f1a) Importer(815301076,1909f56bfc062723c751e8b465ee728b)  -> (artifact id: '5a6ef854a28665d9b264533c58d5c87f') in 0.046050 seconds 
Number of asset objects unloaded after import = 141
========================================================================
Received Import Request.
  Time since last request: 29.739581 seconds.
  path: Assets/Models/Ch44_nonPBR@T-Pose.fbx
  artifactKey: Guid(0c03a569b4de7c644bf8a5698240a8e6) Importer(815301076,1909f56bfc062723c751e8b465ee728b)
Number of updated assets reloaded before import = 0
Start importing Assets/Models/Ch44_nonPBR@T-Pose.fbx using Guid(0c03a569b4de7c644bf8a5698240a8e6) Importer(815301076,1909f56bfc062723c751e8b465ee728b)  -> (artifact id: '711da50e1bbb4663656b1aa80bf7188d') in 0.155317 seconds 
Number of asset objects unloaded after import = 147
========================================================================
Received Import Request.
  Time since last request: 6.794674 seconds.
  path: Assets/Models/Ch44_nonPBR@T-Pose.fbx
  artifactKey: Guid(0c03a569b4de7c644bf8a5698240a8e6) Importer(815301076,1909f56bfc062723c751e8b465ee728b)
Number of updated assets reloaded before import = 0
Start importing Assets/Models/Ch44_nonPBR@T-Pose.fbx using Guid(0c03a569b4de7c644bf8a5698240a8e6) Importer(815301076,1909f56bfc062723c751e8b465ee728b)  -> (artifact id: '39bb4e39c24946e61f6ef7299506cf05') in 0.038180 seconds 
Number of asset objects unloaded after import = 147
========================================================================
Received Prepare
Registering precompiled user dll's ...
Registered in 0.004606 seconds.
Begin MonoManager ReloadAssembly
Native extension for WindowsStandalone target not found
Refreshing native plugins compatible for Editor in 0.30 ms, found 3 plugins.
Preloading 0 native plugins for Editor in 0.00 ms.
[Package Manager] Server::EnsureServerProcessIsRunning -- launch failed, reason: Unity was launched with the -noUpm command-line argument
[Package Manager] Cannot connect to Unity Package Manager local server
Mono: successfully reloaded assembly
- Completed reload, in  0.972 seconds
Domain Reload Profiling:
	ReloadAssembly (973ms)
		BeginReloadAssembly (100ms)
			ExecutionOrderSort (0ms)
			DisableScriptedObjects (2ms)
			BackupInstance (0ms)
			ReleaseScriptingObjects (0ms)
			CreateAndSetChildDomain (22ms)
		EndReloadAssembly (813ms)
			LoadAssemblies (68ms)
			RebuildTransferFunctionScriptingTraits (0ms)
			SetupTypeCache (158ms)
			ReleaseScriptCaches (1ms)
			RebuildScriptCaches (24ms)
			SetupLoadedEditorAssemblies (555ms)
				LogAssemblyErrors (0ms)
				InitializePlatformSupportModulesInManaged (3ms)
				SetLoadedEditorAssemblies (0ms)
				RefreshPlugins (0ms)
				BeforeProcessingInitializeOnLoad (36ms)
				ProcessInitializeOnLoadAttributes (496ms)
				ProcessInitializeOnLoadMethodAttributes (14ms)
				AfterProcessingInitializeOnLoad (5ms)
				EditorAssembliesLoaded (0ms)
			ExecutionOrderSort2 (0ms)
			AwakeInstancesAfterBackupRestoration (5ms)
Platform modules already initialized, skipping
Refreshing native plugins compatible for Editor in 0.32 ms, found 3 plugins.
Preloading 0 native plugins for Editor in 0.00 ms.
Unloading 3063 Unused Serialized files (Serialized files now loaded: 0)
Unloading 18 unused Assets / (21.9 KB). Loaded Objects now: 3592.
Memory consumption went from 157.6 MB to 157.6 MB.
Total: 1.645200 ms (FindLiveObjects: 0.136000 ms CreateObjectMapping: 0.037900 ms MarkObjects: 1.456300 ms  DeleteObjects: 0.014000 ms)

AssetImportParameters requested are different than current active one (requested -> active):
  custom:video-decoder-ogg-theora: a1e56fd34408186e4bbccfd4996cb3dc -> 
  custom:container-muxer-webm: aa71ff27fc2769a1b78a27578f13a17b -> 
  custom:container-demuxer-webm: 4f35f7cbe854078d1ac9338744f61a02 -> 
  custom:video-encoder-webm-vp8: eb34c28f22e8b96e1ab97ce403110664 -> 
  custom:video-codec-MediaFoundation-h265: 746d11721c4dcdbdad8f713fa42b33f4 -> 
  custom:CustomObjectIndexerAttribute: bc11b3a6c3213fcdd17b65e7da85e133 -> 
  custom:audio-encoder-webm-vorbis: bf7c407c2cedff20999df2af8eb42d56 -> 
  custom:framework-win-MediaFoundation: 216162199b28c13a410421893ffa2e32 -> 
  custom:SearchIndexIgnoredProperties: e643bd26f0fe6173181afceb89e7c659 -> 
  custom:container-demuxer-ogg: 62fdf1f143b41e24485cea50d1cbac27 -> 
  custom:video-decoder-webm-vp8: 9c59270c3fd7afecdb556c50c9e8de78 -> 
  custom:audio-decoder-ogg-vorbis: bf7c407c2cedff20999df2af8eb42d56 -> 
========================================================================
Received Prepare
Registering precompiled user dll's ...
Registered in 0.002946 seconds.
Begin MonoManager ReloadAssembly
Native extension for WindowsStandalone target not found
Refreshing native plugins compatible for Editor in 0.38 ms, found 3 plugins.
Preloading 0 native plugins for Editor in 0.00 ms.
[Package Manager] Server::EnsureServerProcessIsRunning -- launch failed, reason: Unity was launched with the -noUpm command-line argument
[Package Manager] Cannot connect to Unity Package Manager local server
Mono: successfully reloaded assembly
- Completed reload, in  0.949 seconds
Domain Reload Profiling:
	ReloadAssembly (949ms)
		BeginReloadAssembly (95ms)
			ExecutionOrderSort (0ms)
			DisableScriptedObjects (3ms)
			BackupInstance (0ms)
			ReleaseScriptingObjects (0ms)
			CreateAndSetChildDomain (18ms)
		EndReloadAssembly (797ms)
			LoadAssemblies (66ms)
			RebuildTransferFunctionScriptingTraits (0ms)
			SetupTypeCache (153ms)
			ReleaseScriptCaches (1ms)
			RebuildScriptCaches (23ms)
			SetupLoadedEditorAssemblies (547ms)
				LogAssemblyErrors (0ms)
				InitializePlatformSupportModulesInManaged (4ms)
				SetLoadedEditorAssemblies (0ms)
				RefreshPlugins (0ms)
				BeforeProcessingInitializeOnLoad (36ms)
				ProcessInitializeOnLoadAttributes (488ms)
				ProcessInitializeOnLoadMethodAttributes (13ms)
				AfterProcessingInitializeOnLoad (5ms)
				EditorAssembliesLoaded (0ms)
			ExecutionOrderSort2 (0ms)
			AwakeInstancesAfterBackupRestoration (5ms)
Platform modules already initialized, skipping
Refreshing native plugins compatible for Editor in 0.33 ms, found 3 plugins.
Preloading 0 native plugins for Editor in 0.00 ms.
Unloading 3063 Unused Serialized files (Serialized files now loaded: 0)
Unloading 18 unused Assets / (21.9 KB). Loaded Objects now: 3595.
Memory consumption went from 157.6 MB to 157.6 MB.
Total: 1.631900 ms (FindLiveObjects: 0.135600 ms CreateObjectMapping: 0.038600 ms MarkObjects: 1.441500 ms  DeleteObjects: 0.015200 ms)

AssetImportParameters requested are different than current active one (requested -> active):
  custom:video-decoder-ogg-theora: a1e56fd34408186e4bbccfd4996cb3dc -> 
  custom:container-muxer-webm: aa71ff27fc2769a1b78a27578f13a17b -> 
  custom:container-demuxer-webm: 4f35f7cbe854078d1ac9338744f61a02 -> 
  custom:video-encoder-webm-vp8: eb34c28f22e8b96e1ab97ce403110664 -> 
  custom:video-codec-MediaFoundation-h265: 746d11721c4dcdbdad8f713fa42b33f4 -> 
  custom:CustomObjectIndexerAttribute: bc11b3a6c3213fcdd17b65e7da85e133 -> 
  custom:audio-encoder-webm-vorbis: bf7c407c2cedff20999df2af8eb42d56 -> 
  custom:framework-win-MediaFoundation: 216162199b28c13a410421893ffa2e32 -> 
  custom:SearchIndexIgnoredProperties: e643bd26f0fe6173181afceb89e7c659 -> 
  custom:container-demuxer-ogg: 62fdf1f143b41e24485cea50d1cbac27 -> 
  custom:video-decoder-webm-vp8: 9c59270c3fd7afecdb556c50c9e8de78 -> 
  custom:audio-decoder-ogg-vorbis: bf7c407c2cedff20999df2af8eb42d56 -> 
========================================================================
Received Prepare
Registering precompiled user dll's ...
Registered in 0.002678 seconds.
Begin MonoManager ReloadAssembly
Native extension for WindowsStandalone target not found
Refreshing native plugins compatible for Editor in 0.35 ms, found 3 plugins.
Preloading 0 native plugins for Editor in 0.00 ms.
[Package Manager] Server::EnsureServerProcessIsRunning -- launch failed, reason: Unity was launched with the -noUpm command-line argument
[Package Manager] Cannot connect to Unity Package Manager local server
Mono: successfully reloaded assembly
- Completed reload, in  0.913 seconds
Domain Reload Profiling:
	ReloadAssembly (913ms)
		BeginReloadAssembly (90ms)
			ExecutionOrderSort (0ms)
			DisableScriptedObjects (3ms)
			BackupInstance (0ms)
			ReleaseScriptingObjects (0ms)
			CreateAndSetChildDomain (17ms)
		EndReloadAssembly (769ms)
			LoadAssemblies (62ms)
			RebuildTransferFunctionScriptingTraits (0ms)
			SetupTypeCache (145ms)
			ReleaseScriptCaches (1ms)
			RebuildScriptCaches (25ms)
			SetupLoadedEditorAssemblies (527ms)
				LogAssemblyErrors (0ms)
				InitializePlatformSupportModulesInManaged (4ms)
				SetLoadedEditorAssemblies (0ms)
				RefreshPlugins (0ms)
				BeforeProcessingInitializeOnLoad (37ms)
				ProcessInitializeOnLoadAttributes (464ms)
				ProcessInitializeOnLoadMethodAttributes (16ms)
				AfterProcessingInitializeOnLoad (5ms)
				EditorAssembliesLoaded (0ms)
			ExecutionOrderSort2 (0ms)
			AwakeInstancesAfterBackupRestoration (5ms)
Platform modules already initialized, skipping
Refreshing native plugins compatible for Editor in 0.35 ms, found 3 plugins.
Preloading 0 native plugins for Editor in 0.00 ms.
Unloading 3063 Unused Serialized files (Serialized files now loaded: 0)
Unloading 18 unused Assets / (21.9 KB). Loaded Objects now: 3598.
Memory consumption went from 157.6 MB to 157.6 MB.
Total: 1.661500 ms (FindLiveObjects: 0.151400 ms CreateObjectMapping: 0.038900 ms MarkObjects: 1.452800 ms  DeleteObjects: 0.017900 ms)

AssetImportParameters requested are different than current active one (requested -> active):
  custom:video-decoder-ogg-theora: a1e56fd34408186e4bbccfd4996cb3dc -> 
  custom:container-muxer-webm: aa71ff27fc2769a1b78a27578f13a17b -> 
  custom:container-demuxer-webm: 4f35f7cbe854078d1ac9338744f61a02 -> 
  custom:video-encoder-webm-vp8: eb34c28f22e8b96e1ab97ce403110664 -> 
  custom:video-codec-MediaFoundation-h265: 746d11721c4dcdbdad8f713fa42b33f4 -> 
  custom:CustomObjectIndexerAttribute: bc11b3a6c3213fcdd17b65e7da85e133 -> 
  custom:audio-encoder-webm-vorbis: bf7c407c2cedff20999df2af8eb42d56 -> 
  custom:framework-win-MediaFoundation: 216162199b28c13a410421893ffa2e32 -> 
  custom:SearchIndexIgnoredProperties: e643bd26f0fe6173181afceb89e7c659 -> 
  custom:container-demuxer-ogg: 62fdf1f143b41e24485cea50d1cbac27 -> 
  custom:video-decoder-webm-vp8: 9c59270c3fd7afecdb556c50c9e8de78 -> 
  custom:audio-decoder-ogg-vorbis: bf7c407c2cedff20999df2af8eb42d56 -> 
========================================================================
Received Import Request.
  Time since last request: 297.239989 seconds.
  path: Assets/Models/Ch44_nonPBR@Standing Melee Attack Downward.fbx
  artifactKey: Guid(0c1d9fb29af8146458c0002603a28776) Importer(815301076,1909f56bfc062723c751e8b465ee728b)
Number of updated assets reloaded before import = 0
Start importing Assets/Models/Ch44_nonPBR@Standing Melee Attack Downward.fbx using Guid(0c1d9fb29af8146458c0002603a28776) Importer(815301076,1909f56bfc062723c751e8b465ee728b)  -> (artifact id: '77fef9857415ce85feb6af1f501dfbb3') in 0.028361 seconds 
Number of asset objects unloaded after import = 135
========================================================================
Received Import Request.
  Time since last request: 2.859348 seconds.
  path: Assets/Models/Standing Melee Attack Downward.anim
  artifactKey: Guid(1159079b58eaf5a40b68d2311ace04b7) Importer(815301076,1909f56bfc062723c751e8b465ee728b)
Number of updated assets reloaded before import = 0
Start importing Assets/Models/Standing Melee Attack Downward.anim using Guid(1159079b58eaf5a40b68d2311ace04b7) Importer(815301076,1909f56bfc062723c751e8b465ee728b)  -> (artifact id: 'a03ba1e75de1d471d4a56058c13e02f5') in 0.010647 seconds 
Number of asset objects unloaded after import = 1
========================================================================
Received Import Request.
  Time since last request: 34.120234 seconds.
  path: Assets/Models/Attack.anim
  artifactKey: Guid(1159079b58eaf5a40b68d2311ace04b7) Importer(815301076,1909f56bfc062723c751e8b465ee728b)
Number of updated assets reloaded before import = 0
Start importing Assets/Models/Attack.anim using Guid(1159079b58eaf5a40b68d2311ace04b7) Importer(815301076,1909f56bfc062723c751e8b465ee728b)  -> (artifact id: '8b8710dc0c3704f7c62a6e184411ccfb') in 0.018995 seconds 
Number of asset objects unloaded after import = 1
========================================================================
Received Import Request.
  Time since last request: 129.929308 seconds.
  path: Assets/Models/Ch44_nonPBR@Standing Run Forward.fbx
  artifactKey: Guid(83b6024642c3a1845a5b9bbc7a1cee3a) Importer(815301076,1909f56bfc062723c751e8b465ee728b)
Number of updated assets reloaded before import = 0
Start importing Assets/Models/Ch44_nonPBR@Standing Run Forward.fbx using Guid(83b6024642c3a1845a5b9bbc7a1cee3a) Importer(815301076,1909f56bfc062723c751e8b465ee728b)  -> (artifact id: '5bbf22e59cfe01ab26875242d710adb5') in 0.011665 seconds 
Number of asset objects unloaded after import = 135
========================================================================
Received Import Request.
  Time since last request: 2.692058 seconds.
  path: Assets/Models/Standing Run Forward.anim
  artifactKey: Guid(65b7207977283594fafcea6edd02128a) Importer(815301076,1909f56bfc062723c751e8b465ee728b)
Number of updated assets reloaded before import = 0
Start importing Assets/Models/Standing Run Forward.anim using Guid(65b7207977283594fafcea6edd02128a) Importer(815301076,1909f56bfc062723c751e8b465ee728b)  -> (artifact id: '741f81b123c5413630e3e6b5259c7b15') in 0.011329 seconds 
Number of asset objects unloaded after import = 1
========================================================================
Received Import Request.
  Time since last request: 13.955749 seconds.
  path: Assets/Models/Run.anim
  artifactKey: Guid(65b7207977283594fafcea6edd02128a) Importer(815301076,1909f56bfc062723c751e8b465ee728b)
Number of updated assets reloaded before import = 0
Start importing Assets/Models/Run.anim using Guid(65b7207977283594fafcea6edd02128a) Importer(815301076,1909f56bfc062723c751e8b465ee728b)  -> (artifact id: 'd1674c18cbe73de78ad438ae22cb2200') in 0.017165 seconds 
Number of asset objects unloaded after import = 1
========================================================================
Received Import Request.
  Time since last request: 7.330389 seconds.
  path: Assets/Models/Player.controller
  artifactKey: Guid(aecac4e614e611b45a56db5b1cd398b2) Importer(815301076,1909f56bfc062723c751e8b465ee728b)
Number of updated assets reloaded before import = 0
Start importing Assets/Models/Player.controller using Guid(aecac4e614e611b45a56db5b1cd398b2) Importer(815301076,1909f56bfc062723c751e8b465ee728b)  -> (artifact id: 'bac19a33fe9613dcc413bcb905f08ae7') in 0.004497 seconds 
Number of asset objects unloaded after import = 1
========================================================================
Received Import Request.
  Time since last request: 48.686326 seconds.
  path: Assets/Models/Ch44_nonPBR@Warrior Idle.fbx
  artifactKey: Guid(625b00b57f3b0264f997c02f4663ca3e) Importer(815301076,1909f56bfc062723c751e8b465ee728b)
Number of updated assets reloaded before import = 0
Start importing Assets/Models/Ch44_nonPBR@Warrior Idle.fbx using Guid(625b00b57f3b0264f997c02f4663ca3e) Importer(815301076,1909f56bfc062723c751e8b465ee728b)  -> (artifact id: 'dc4880da18b259229ed38b606aea3e80') in 0.012135 seconds 
Number of asset objects unloaded after import = 135
========================================================================
Received Import Request.
  Time since last request: 2.669909 seconds.
  path: Assets/Models/Warrior Idle.anim
  artifactKey: Guid(6f7f5a93ab4274e47aebd445a40c3c9f) Importer(815301076,1909f56bfc062723c751e8b465ee728b)
Number of updated assets reloaded before import = 0
Start importing Assets/Models/Warrior Idle.anim using Guid(6f7f5a93ab4274e47aebd445a40c3c9f) Importer(815301076,1909f56bfc062723c751e8b465ee728b)  -> (artifact id: '52e89d218d502ab5778ed1cc7be05a50') in 0.019026 seconds 
Number of asset objects unloaded after import = 1
========================================================================
Received Import Request.
  Time since last request: 7.952655 seconds.
  path: Assets/Models/Idle.anim
  artifactKey: Guid(6f7f5a93ab4274e47aebd445a40c3c9f) Importer(815301076,1909f56bfc062723c751e8b465ee728b)
Number of updated assets reloaded before import = 0
Start importing Assets/Models/Idle.anim using Guid(6f7f5a93ab4274e47aebd445a40c3c9f) Importer(815301076,1909f56bfc062723c751e8b465ee728b)  -> (artifact id: '3525ce34fe493e424ef5fdbd366b4880') in 0.014958 seconds 
Number of asset objects unloaded after import = 1
========================================================================
Received Prepare
Registering precompiled user dll's ...
Registered in 0.003011 seconds.
Begin MonoManager ReloadAssembly
Native extension for WindowsStandalone target not found
Refreshing native plugins compatible for Editor in 0.30 ms, found 3 plugins.
Preloading 0 native plugins for Editor in 0.00 ms.
[Package Manager] Server::EnsureServerProcessIsRunning -- launch failed, reason: Unity was launched with the -noUpm command-line argument
[Package Manager] Cannot connect to Unity Package Manager local server
Mono: successfully reloaded assembly
- Completed reload, in  0.919 seconds
Domain Reload Profiling:
	ReloadAssembly (919ms)
		BeginReloadAssembly (97ms)
			ExecutionOrderSort (0ms)
			DisableScriptedObjects (2ms)
			BackupInstance (0ms)
			ReleaseScriptingObjects (0ms)
			CreateAndSetChildDomain (22ms)
		EndReloadAssembly (769ms)
			LoadAssemblies (62ms)
			RebuildTransferFunctionScriptingTraits (0ms)
			SetupTypeCache (159ms)
			ReleaseScriptCaches (1ms)
			RebuildScriptCaches (21ms)
			SetupLoadedEditorAssemblies (523ms)
				LogAssemblyErrors (0ms)
				InitializePlatformSupportModulesInManaged (4ms)
				SetLoadedEditorAssemblies (0ms)
				RefreshPlugins (0ms)
				BeforeProcessingInitializeOnLoad (34ms)
				ProcessInitializeOnLoadAttributes (469ms)
				ProcessInitializeOnLoadMethodAttributes (12ms)
				AfterProcessingInitializeOnLoad (4ms)
				EditorAssembliesLoaded (0ms)
			ExecutionOrderSort2 (0ms)
			AwakeInstancesAfterBackupRestoration (4ms)
Platform modules already initialized, skipping
Refreshing native plugins compatible for Editor in 0.33 ms, found 3 plugins.
Preloading 0 native plugins for Editor in 0.00 ms.
Unloading 3063 Unused Serialized files (Serialized files now loaded: 0)
Unloading 18 unused Assets / (21.9 KB). Loaded Objects now: 3601.
Memory consumption went from 157.6 MB to 157.6 MB.
Total: 1.621100 ms (FindLiveObjects: 0.126300 ms CreateObjectMapping: 0.034900 ms MarkObjects: 1.446400 ms  DeleteObjects: 0.012800 ms)

AssetImportParameters requested are different than current active one (requested -> active):
  custom:video-decoder-ogg-theora: a1e56fd34408186e4bbccfd4996cb3dc -> 
  custom:container-muxer-webm: aa71ff27fc2769a1b78a27578f13a17b -> 
  custom:container-demuxer-webm: 4f35f7cbe854078d1ac9338744f61a02 -> 
  custom:video-encoder-webm-vp8: eb34c28f22e8b96e1ab97ce403110664 -> 
  custom:video-codec-MediaFoundation-h265: 746d11721c4dcdbdad8f713fa42b33f4 -> 
  custom:CustomObjectIndexerAttribute: bc11b3a6c3213fcdd17b65e7da85e133 -> 
  custom:audio-encoder-webm-vorbis: bf7c407c2cedff20999df2af8eb42d56 -> 
  custom:framework-win-MediaFoundation: 216162199b28c13a410421893ffa2e32 -> 
  custom:SearchIndexIgnoredProperties: e643bd26f0fe6173181afceb89e7c659 -> 
  custom:container-demuxer-ogg: 62fdf1f143b41e24485cea50d1cbac27 -> 
  custom:video-decoder-webm-vp8: 9c59270c3fd7afecdb556c50c9e8de78 -> 
  custom:audio-decoder-ogg-vorbis: bf7c407c2cedff20999df2af8eb42d56 -> 
========================================================================
Received Import Request.
  Time since last request: 47.294640 seconds.
  path: Assets/Models/Ch44_nonPBR@T-Pose.fbx
  artifactKey: Guid(0c03a569b4de7c644bf8a5698240a8e6) Importer(815301076,1909f56bfc062723c751e8b465ee728b)
Number of updated assets reloaded before import = 0
Start importing Assets/Models/Ch44_nonPBR@T-Pose.fbx using Guid(0c03a569b4de7c644bf8a5698240a8e6) Importer(815301076,1909f56bfc062723c751e8b465ee728b)  -> (artifact id: '138a6e7c281cb2e4ddff29d23b3bc57c') in 0.083286 seconds 
Number of asset objects unloaded after import = 147
========================================================================
Received Prepare
Registering precompiled user dll's ...
Registered in 0.003322 seconds.
Begin MonoManager ReloadAssembly
Native extension for WindowsStandalone target not found
Refreshing native plugins compatible for Editor in 0.36 ms, found 3 plugins.
Preloading 0 native plugins for Editor in 0.00 ms.
[Package Manager] Server::EnsureServerProcessIsRunning -- launch failed, reason: Unity was launched with the -noUpm command-line argument
[Package Manager] Cannot connect to Unity Package Manager local server
Mono: successfully reloaded assembly
- Completed reload, in  0.942 seconds
Domain Reload Profiling:
	ReloadAssembly (942ms)
		BeginReloadAssembly (95ms)
			ExecutionOrderSort (0ms)
			DisableScriptedObjects (4ms)
			BackupInstance (0ms)
			ReleaseScriptingObjects (0ms)
			CreateAndSetChildDomain (19ms)
		EndReloadAssembly (790ms)
			LoadAssemblies (62ms)
			RebuildTransferFunctionScriptingTraits (0ms)
			SetupTypeCache (141ms)
			ReleaseScriptCaches (1ms)
			RebuildScriptCaches (24ms)
			SetupLoadedEditorAssemblies (553ms)
				LogAssemblyErrors (0ms)
				InitializePlatformSupportModulesInManaged (4ms)
				SetLoadedEditorAssemblies (0ms)
				RefreshPlugins (0ms)
				BeforeProcessingInitializeOnLoad (37ms)
				ProcessInitializeOnLoadAttributes (493ms)
				ProcessInitializeOnLoadMethodAttributes (14ms)
				AfterProcessingInitializeOnLoad (5ms)
				EditorAssembliesLoaded (0ms)
			ExecutionOrderSort2 (0ms)
			AwakeInstancesAfterBackupRestoration (5ms)
Platform modules already initialized, skipping
Refreshing native plugins compatible for Editor in 0.32 ms, found 3 plugins.
Preloading 0 native plugins for Editor in 0.00 ms.
Unloading 3063 Unused Serialized files (Serialized files now loaded: 0)
Unloading 18 unused Assets / (21.9 KB). Loaded Objects now: 3604.
Memory consumption went from 157.6 MB to 157.6 MB.
Total: 1.732600 ms (FindLiveObjects: 0.126900 ms CreateObjectMapping: 0.038500 ms MarkObjects: 1.553300 ms  DeleteObjects: 0.013100 ms)

AssetImportParameters requested are different than current active one (requested -> active):
  custom:video-decoder-ogg-theora: a1e56fd34408186e4bbccfd4996cb3dc -> 
  custom:container-muxer-webm: aa71ff27fc2769a1b78a27578f13a17b -> 
  custom:container-demuxer-webm: 4f35f7cbe854078d1ac9338744f61a02 -> 
  custom:video-encoder-webm-vp8: eb34c28f22e8b96e1ab97ce403110664 -> 
  custom:video-codec-MediaFoundation-h265: 746d11721c4dcdbdad8f713fa42b33f4 -> 
  custom:CustomObjectIndexerAttribute: bc11b3a6c3213fcdd17b65e7da85e133 -> 
  custom:audio-encoder-webm-vorbis: bf7c407c2cedff20999df2af8eb42d56 -> 
  custom:framework-win-MediaFoundation: 216162199b28c13a410421893ffa2e32 -> 
  custom:SearchIndexIgnoredProperties: e643bd26f0fe6173181afceb89e7c659 -> 
  custom:container-demuxer-ogg: 62fdf1f143b41e24485cea50d1cbac27 -> 
  custom:video-decoder-webm-vp8: 9c59270c3fd7afecdb556c50c9e8de78 -> 
  custom:audio-decoder-ogg-vorbis: bf7c407c2cedff20999df2af8eb42d56 -> 
========================================================================
Received Import Request.
  Time since last request: 39.620098 seconds.
  path: Assets/Models/Ch44_nonPBR@T-Pose.fbx
  artifactKey: Guid(0c03a569b4de7c644bf8a5698240a8e6) Importer(815301076,1909f56bfc062723c751e8b465ee728b)
Number of updated assets reloaded before import = 0
Start importing Assets/Models/Ch44_nonPBR@T-Pose.fbx using Guid(0c03a569b4de7c644bf8a5698240a8e6) Importer(815301076,1909f56bfc062723c751e8b465ee728b)  -> (artifact id: 'dce6142696079f81372d1a37a9a98cfd') in 0.067345 seconds 
Number of asset objects unloaded after import = 147
========================================================================
Received Import Request.
  Time since last request: 110.618249 seconds.
  path: Assets/Swords/Art
  artifactKey: Guid(4a2367ad789b59346a5a0e4e6ff1beed) Importer(815301076,1909f56bfc062723c751e8b465ee728b)
Number of updated assets reloaded before import = 0
Start importing Assets/Swords/Art using Guid(4a2367ad789b59346a5a0e4e6ff1beed) Importer(815301076,1909f56bfc062723c751e8b465ee728b)  -> (artifact id: '9ad9748bb06d2e29f32eecdecc8274a0') in 0.010075 seconds 
Number of asset objects unloaded after import = 0
========================================================================
Received Import Request.
  Time since last request: 0.657972 seconds.
  path: Assets/Swords/Art/Weapons
  artifactKey: Guid(324c9220a528d0a4bbef6ed738bc40b3) Importer(815301076,1909f56bfc062723c751e8b465ee728b)
Number of updated assets reloaded before import = 0
Start importing Assets/Swords/Art/Weapons using Guid(324c9220a528d0a4bbef6ed738bc40b3) Importer(815301076,1909f56bfc062723c751e8b465ee728b)  -> (artifact id: 'f69c8ab8215c05e66af337172ad1052c') in 0.008210 seconds 
Number of asset objects unloaded after import = 0
========================================================================
Received Import Request.
  Time since last request: 0.545736 seconds.
  path: Assets/Swords/Art/Weapons/LowPoly
  artifactKey: Guid(e7426cffd01aa1b4fba377d17a57ce24) Importer(815301076,1909f56bfc062723c751e8b465ee728b)
Number of updated assets reloaded before import = 0
Start importing Assets/Swords/Art/Weapons/LowPoly using Guid(e7426cffd01aa1b4fba377d17a57ce24) Importer(815301076,1909f56bfc062723c751e8b465ee728b)  -> (artifact id: '9deb82f987e9fe38a8f84cbcc1ec6b47') in 0.009541 seconds 
Number of asset objects unloaded after import = 0
========================================================================
Received Import Request.
  Time since last request: 0.486762 seconds.
  path: Assets/Swords/Art/Weapons/LowPoly/FreeSwords
  artifactKey: Guid(67a9042a08417914584d40aa94485b6e) Importer(815301076,1909f56bfc062723c751e8b465ee728b)
Number of updated assets reloaded before import = 0
Start importing Assets/Swords/Art/Weapons/LowPoly/FreeSwords using Guid(67a9042a08417914584d40aa94485b6e) Importer(815301076,1909f56bfc062723c751e8b465ee728b)  -> (artifact id: '2bfc097f6eb6aa932edb91d1b7e96e00') in 0.007044 seconds 
Number of asset objects unloaded after import = 0
========================================================================
Received Import Request.
  Time since last request: 0.828922 seconds.
  path: Assets/Swords/Art/Weapons/LowPoly/FreeSwords/Prefabs
  artifactKey: Guid(64f9a6e08c42c944db9e724b3d997eb5) Importer(815301076,1909f56bfc062723c751e8b465ee728b)
Number of updated assets reloaded before import = 0
Start importing Assets/Swords/Art/Weapons/LowPoly/FreeSwords/Prefabs using Guid(64f9a6e08c42c944db9e724b3d997eb5) Importer(815301076,1909f56bfc062723c751e8b465ee728b)  -> (artifact id: '9cb6d915ecf2f9561bfe0d58840a351e') in 0.008826 seconds 
Number of asset objects unloaded after import = 0
========================================================================
Received Import Request.
  Time since last request: 0.046365 seconds.
  path: Assets/Swords/Art/Weapons/LowPoly/FreeSwords/Prefabs/Sword1_Bronze.prefab
  artifactKey: Guid(5cdf1ac831646004288735c99ac51e4a) Importer(815301076,1909f56bfc062723c751e8b465ee728b)
Number of updated assets reloaded before import = 0
Start importing Assets/Swords/Art/Weapons/LowPoly/FreeSwords/Prefabs/Sword1_Bronze.prefab using Guid(5cdf1ac831646004288735c99ac51e4a) Importer(815301076,1909f56bfc062723c751e8b465ee728b)  -> (artifact id: '1099dbb3d9407872c164f56e25c82b55') in 0.183682 seconds 
Number of asset objects unloaded after import = 12
========================================================================
Received Import Request.
  Time since last request: 0.000013 seconds.
  path: Assets/Swords/Art/Weapons/LowPoly/FreeSwords/Prefabs/Sword7_Red.prefab
  artifactKey: Guid(0029002b2fada3d4497680a36b12ae3e) Importer(815301076,1909f56bfc062723c751e8b465ee728b)
Number of updated assets reloaded before import = 0
Start importing Assets/Swords/Art/Weapons/LowPoly/FreeSwords/Prefabs/Sword7_Red.prefab using Guid(0029002b2fada3d4497680a36b12ae3e) Importer(815301076,1909f56bfc062723c751e8b465ee728b)  -> (artifact id: 'd2ac7abd0b01dbd8e264961e0b8403bf') in 0.017771 seconds 
Number of asset objects unloaded after import = 12
========================================================================
Received Import Request.
  Time since last request: 0.000035 seconds.
  path: Assets/Swords/Art/Weapons/LowPoly/FreeSwords/Prefabs/Sword3_Blue.prefab
  artifactKey: Guid(6219205689b50234cb76cf2b3526b4fb) Importer(815301076,1909f56bfc062723c751e8b465ee728b)
Number of updated assets reloaded before import = 0
Start importing Assets/Swords/Art/Weapons/LowPoly/FreeSwords/Prefabs/Sword3_Blue.prefab using Guid(6219205689b50234cb76cf2b3526b4fb) Importer(815301076,1909f56bfc062723c751e8b465ee728b)  -> (artifact id: '9ae48117b97ae0257bc73c12180fd4b5') in 0.077079 seconds 
Number of asset objects unloaded after import = 11
========================================================================
Received Import Request.
  Time since last request: 0.000055 seconds.
  path: Assets/Swords/Art/Weapons/LowPoly/FreeSwords/Prefabs/Sword13_Cyan.prefab
  artifactKey: Guid(608076c565a36b346b63e557cd6af9eb) Importer(815301076,1909f56bfc062723c751e8b465ee728b)
Number of updated assets reloaded before import = 0
Start importing Assets/Swords/Art/Weapons/LowPoly/FreeSwords/Prefabs/Sword13_Cyan.prefab using Guid(608076c565a36b346b63e557cd6af9eb) Importer(815301076,1909f56bfc062723c751e8b465ee728b)  -> (artifact id: '186725027303c0aff192643f0d492e98') in 0.020753 seconds 
Number of asset objects unloaded after import = 12
========================================================================
Received Import Request.
  Time since last request: 0.000021 seconds.
  path: Assets/Swords/Art/Weapons/LowPoly/FreeSwords/Prefabs/Sword4_Red.prefab
  artifactKey: Guid(54c8c9f221349f5478057c6aa027be04) Importer(815301076,1909f56bfc062723c751e8b465ee728b)
Number of updated assets reloaded before import = 0
Start importing Assets/Swords/Art/Weapons/LowPoly/FreeSwords/Prefabs/Sword4_Red.prefab using Guid(54c8c9f221349f5478057c6aa027be04) Importer(815301076,1909f56bfc062723c751e8b465ee728b)  -> (artifact id: '36f300909bcf298c64c7169afc0f5a3b') in 0.017658 seconds 
Number of asset objects unloaded after import = 11
========================================================================
Received Import Request.
  Time since last request: 0.000017 seconds.
  path: Assets/Swords/Art/Weapons/LowPoly/FreeSwords/Prefabs/Sword5_Blue.prefab
  artifactKey: Guid(8dd1278bd62135046a6827f7b8d6b129) Importer(815301076,1909f56bfc062723c751e8b465ee728b)
Number of updated assets reloaded before import = 0
Start importing Assets/Swords/Art/Weapons/LowPoly/FreeSwords/Prefabs/Sword5_Blue.prefab using Guid(8dd1278bd62135046a6827f7b8d6b129) Importer(815301076,1909f56bfc062723c751e8b465ee728b)  -> (artifact id: '808c6f3139b0c194fdb9f1eecb2397ab') in 0.024712 seconds 
Number of asset objects unloaded after import = 11
========================================================================
Received Import Request.
  Time since last request: 0.000016 seconds.
  path: Assets/Swords/Art/Weapons/LowPoly/FreeSwords/Prefabs/Sword4_Yellow.prefab
  artifactKey: Guid(379aed32e1bc7f4439fe129a07fa8fe5) Importer(815301076,1909f56bfc062723c751e8b465ee728b)
Number of updated assets reloaded before import = 0
Start importing Assets/Swords/Art/Weapons/LowPoly/FreeSwords/Prefabs/Sword4_Yellow.prefab using Guid(379aed32e1bc7f4439fe129a07fa8fe5) Importer(815301076,1909f56bfc062723c751e8b465ee728b)  -> (artifact id: 'c24b0156f772ab4ab47727e6722ae22a') in 0.016660 seconds 
Number of asset objects unloaded after import = 11
========================================================================
Received Import Request.
  Time since last request: 0.000015 seconds.
  path: Assets/Swords/Art/Weapons/LowPoly/FreeSwords/Prefabs/Sword9_White.prefab
  artifactKey: Guid(696547c1f5c9dbc45978c7720f94b01e) Importer(815301076,1909f56bfc062723c751e8b465ee728b)
Number of updated assets reloaded before import = 0
Start importing Assets/Swords/Art/Weapons/LowPoly/FreeSwords/Prefabs/Sword9_White.prefab using Guid(696547c1f5c9dbc45978c7720f94b01e) Importer(815301076,1909f56bfc062723c751e8b465ee728b)  -> (artifact id: '1d98452d4c65e6795a088f90cbd3bec5') in 0.019055 seconds 
Number of asset objects unloaded after import = 12
========================================================================
Received Import Request.
  Time since last request: 0.000023 seconds.
  path: Assets/Swords/Art/Weapons/LowPoly/FreeSwords/Prefabs/Sword13_Blue.prefab
  artifactKey: Guid(53575ba1699a8c94c81a56ca90753235) Importer(815301076,1909f56bfc062723c751e8b465ee728b)
Number of updated assets reloaded before import = 0
Start importing Assets/Swords/Art/Weapons/LowPoly/FreeSwords/Prefabs/Sword13_Blue.prefab using Guid(53575ba1699a8c94c81a56ca90753235) Importer(815301076,1909f56bfc062723c751e8b465ee728b)  -> (artifact id: 'efe5797e17c0a2f19f75fe611042875a') in 0.022693 seconds 
Number of asset objects unloaded after import = 12
========================================================================
Received Import Request.
  Time since last request: 0.000027 seconds.
  path: Assets/Swords/Art/Weapons/LowPoly/FreeSwords/Prefabs/Sword5_Gold.prefab
  artifactKey: Guid(a61cc2f98bbdd214e89c42bd0ae3cc90) Importer(815301076,1909f56bfc062723c751e8b465ee728b)
Number of updated assets reloaded before import = 0
Start importing Assets/Swords/Art/Weapons/LowPoly/FreeSwords/Prefabs/Sword5_Gold.prefab using Guid(a61cc2f98bbdd214e89c42bd0ae3cc90) Importer(815301076,1909f56bfc062723c751e8b465ee728b)  -> (artifact id: 'c0ad81255a24bbf5c6222bb187df7391') in 0.022783 seconds 
Number of asset objects unloaded after import = 11
========================================================================
Received Import Request.
  Time since last request: 0.000025 seconds.
  path: Assets/Swords/Art/Weapons/LowPoly/FreeSwords/Prefabs/Sword9_Blue.prefab
  artifactKey: Guid(452a1ef0aca62394d9145df92353b522) Importer(815301076,1909f56bfc062723c751e8b465ee728b)
Number of updated assets reloaded before import = 0
Start importing Assets/Swords/Art/Weapons/LowPoly/FreeSwords/Prefabs/Sword9_Blue.prefab using Guid(452a1ef0aca62394d9145df92353b522) Importer(815301076,1909f56bfc062723c751e8b465ee728b)  -> (artifact id: '50338b14afeaacf1c659fc2600e1f735') in 0.023623 seconds 
Number of asset objects unloaded after import = 12
========================================================================
Received Import Request.
  Time since last request: 0.000031 seconds.
  path: Assets/Swords/Art/Weapons/LowPoly/FreeSwords/Prefabs/Sword13_Orange.prefab
  artifactKey: Guid(52526bede0428594ca4e1a269d896f68) Importer(815301076,1909f56bfc062723c751e8b465ee728b)
Number of updated assets reloaded before import = 0
Start importing Assets/Swords/Art/Weapons/LowPoly/FreeSwords/Prefabs/Sword13_Orange.prefab using Guid(52526bede0428594ca4e1a269d896f68) Importer(815301076,1909f56bfc062723c751e8b465ee728b)  -> (artifact id: 'b3913faf26b810dc247c8dfc26fe5746') in 0.022147 seconds 
Number of asset objects unloaded after import = 12
========================================================================
Received Import Request.
  Time since last request: 0.000021 seconds.
  path: Assets/Swords/Art/Weapons/LowPoly/FreeSwords/Prefabs/Sword10_Dark.prefab
  artifactKey: Guid(b84fe35b914023748b06fd3b37dceaa4) Importer(815301076,1909f56bfc062723c751e8b465ee728b)
Number of updated assets reloaded before import = 0
Start importing Assets/Swords/Art/Weapons/LowPoly/FreeSwords/Prefabs/Sword10_Dark.prefab using Guid(b84fe35b914023748b06fd3b37dceaa4) Importer(815301076,1909f56bfc062723c751e8b465ee728b)  -> (artifact id: '576f50be2e38e1ab10ce323101df6077') in 0.021646 seconds 
Number of asset objects unloaded after import = 11
========================================================================
Received Import Request.
  Time since last request: 0.000020 seconds.
  path: Assets/Swords/Art/Weapons/LowPoly/FreeSwords/Prefabs/Sword15_Lava.prefab
  artifactKey: Guid(97d88fb9a3565d84daf5fff081fcbb91) Importer(815301076,1909f56bfc062723c751e8b465ee728b)
Number of updated assets reloaded before import = 0
Start importing Assets/Swords/Art/Weapons/LowPoly/FreeSwords/Prefabs/Sword15_Lava.prefab using Guid(97d88fb9a3565d84daf5fff081fcbb91) Importer(815301076,1909f56bfc062723c751e8b465ee728b)  -> (artifact id: '22e199f5bdd43055e1274703a48ff2ba') in 0.021926 seconds 
Number of asset objects unloaded after import = 12
========================================================================
Received Import Request.
  Time since last request: 0.000015 seconds.
  path: Assets/Swords/Art/Weapons/LowPoly/FreeSwords/Prefabs/Sword9_Purple.prefab
  artifactKey: Guid(6590e99a522921647ac15769767472cd) Importer(815301076,1909f56bfc062723c751e8b465ee728b)
Number of updated assets reloaded before import = 0
Start importing Assets/Swords/Art/Weapons/LowPoly/FreeSwords/Prefabs/Sword9_Purple.prefab using Guid(6590e99a522921647ac15769767472cd) Importer(815301076,1909f56bfc062723c751e8b465ee728b)  -> (artifact id: 'ba3bb334e361ece08180004889820281') in 0.022340 seconds 
Number of asset objects unloaded after import = 12
========================================================================
Received Import Request.
  Time since last request: 0.000018 seconds.
  path: Assets/Swords/Art/Weapons/LowPoly/FreeSwords/Prefabs/Sword2_Red.prefab
  artifactKey: Guid(d7e67ff5daed3494fbe6d1904e928589) Importer(815301076,1909f56bfc062723c751e8b465ee728b)
Number of updated assets reloaded before import = 0
Start importing Assets/Swords/Art/Weapons/LowPoly/FreeSwords/Prefabs/Sword2_Red.prefab using Guid(d7e67ff5daed3494fbe6d1904e928589) Importer(815301076,1909f56bfc062723c751e8b465ee728b)  -> (artifact id: '7d125df34e23a15dcb808f71019d7e5d') in 0.017065 seconds 
Number of asset objects unloaded after import = 11
========================================================================
Received Import Request.
  Time since last request: 0.000019 seconds.
  path: Assets/Swords/Art/Weapons/LowPoly/FreeSwords/Prefabs/Sword9_Green.prefab
  artifactKey: Guid(aaa9abc278c41e84d9f8b4848879395f) Importer(815301076,1909f56bfc062723c751e8b465ee728b)
Number of updated assets reloaded before import = 0
Start importing Assets/Swords/Art/Weapons/LowPoly/FreeSwords/Prefabs/Sword9_Green.prefab using Guid(aaa9abc278c41e84d9f8b4848879395f) Importer(815301076,1909f56bfc062723c751e8b465ee728b)  -> (artifact id: 'c88003ae0cd0308998d135c29914489b') in 0.019646 seconds 
Number of asset objects unloaded after import = 12
========================================================================
Received Import Request.
  Time since last request: 0.000020 seconds.
  path: Assets/Swords/Art/Weapons/LowPoly/FreeSwords/Prefabs/Sword11_Bone.prefab
  artifactKey: Guid(9ad0600b8acd04641b634bf2ed932dd2) Importer(815301076,1909f56bfc062723c751e8b465ee728b)
Number of updated assets reloaded before import = 0
Start importing Assets/Swords/Art/Weapons/LowPoly/FreeSwords/Prefabs/Sword11_Bone.prefab using Guid(9ad0600b8acd04641b634bf2ed932dd2) Importer(815301076,1909f56bfc062723c751e8b465ee728b)  -> (artifact id: '4a95ff782b80a0f62af518e6c7853c7a') in 0.020887 seconds 
Number of asset objects unloaded after import = 11
========================================================================
Received Import Request.
  Time since last request: 0.000015 seconds.
  path: Assets/Swords/Art/Weapons/LowPoly/FreeSwords/Prefabs/Sword7_Green.prefab
  artifactKey: Guid(5ffa21eac0be47c409e0bab4eea08790) Importer(815301076,1909f56bfc062723c751e8b465ee728b)
Number of updated assets reloaded before import = 0
Start importing Assets/Swords/Art/Weapons/LowPoly/FreeSwords/Prefabs/Sword7_Green.prefab using Guid(5ffa21eac0be47c409e0bab4eea08790) Importer(815301076,1909f56bfc062723c751e8b465ee728b)  -> (artifact id: '54d20186f771805d528e4ae5c4baa85f') in 0.020242 seconds 
Number of asset objects unloaded after import = 12
========================================================================
Received Import Request.
  Time since last request: 0.000014 seconds.
  path: Assets/Swords/Art/Weapons/LowPoly/FreeSwords/Prefabs/Sword15_Frost.prefab
  artifactKey: Guid(1dbf24f8a486a5d43aa8eef186e3375d) Importer(815301076,1909f56bfc062723c751e8b465ee728b)
Number of updated assets reloaded before import = 0
Start importing Assets/Swords/Art/Weapons/LowPoly/FreeSwords/Prefabs/Sword15_Frost.prefab using Guid(1dbf24f8a486a5d43aa8eef186e3375d) Importer(815301076,1909f56bfc062723c751e8b465ee728b)  -> (artifact id: 'afe2380ce9cafe8681787b706659b2f8') in 0.021597 seconds 
Number of asset objects unloaded after import = 12
========================================================================
Received Import Request.
  Time since last request: 0.000019 seconds.
  path: Assets/Swords/Art/Weapons/LowPoly/FreeSwords/Prefabs/Sword14_Blue.prefab
  artifactKey: Guid(36589f066b25b1b4dab74eb18d6972fd) Importer(815301076,1909f56bfc062723c751e8b465ee728b)
Number of updated assets reloaded before import = 0
Start importing Assets/Swords/Art/Weapons/LowPoly/FreeSwords/Prefabs/Sword14_Blue.prefab using Guid(36589f066b25b1b4dab74eb18d6972fd) Importer(815301076,1909f56bfc062723c751e8b465ee728b)  -> (artifact id: 'fd38e04fef59bd9c7671fc7afab223cd') in 0.020074 seconds 
Number of asset objects unloaded after import = 12
========================================================================
Received Import Request.
  Time since last request: 0.000024 seconds.
  path: Assets/Swords/Art/Weapons/LowPoly/FreeSwords/Prefabs/Sword5_Red.prefab
  artifactKey: Guid(1bc417e2afe2e834fad5253a6b601f5b) Importer(815301076,1909f56bfc062723c751e8b465ee728b)
Number of updated assets reloaded before import = 0
Start importing Assets/Swords/Art/Weapons/LowPoly/FreeSwords/Prefabs/Sword5_Red.prefab using Guid(1bc417e2afe2e834fad5253a6b601f5b) Importer(815301076,1909f56bfc062723c751e8b465ee728b)  -> (artifact id: 'fc60d779a6b9c7001130d933d8fa6222') in 0.020198 seconds 
Number of asset objects unloaded after import = 11
========================================================================
Received Import Request.
  Time since last request: 0.000025 seconds.
  path: Assets/Swords/Art/Weapons/LowPoly/FreeSwords/Prefabs/Sword8_Corrupted.prefab
  artifactKey: Guid(fec4e7e32c83e644bbebed4c322ee643) Importer(815301076,1909f56bfc062723c751e8b465ee728b)
Number of updated assets reloaded before import = 0
Start importing Assets/Swords/Art/Weapons/LowPoly/FreeSwords/Prefabs/Sword8_Corrupted.prefab using Guid(fec4e7e32c83e644bbebed4c322ee643) Importer(815301076,1909f56bfc062723c751e8b465ee728b)  -> (artifact id: '7829ed5bc3858a31ca66290e061100d0') in 0.019884 seconds 
Number of asset objects unloaded after import = 12
========================================================================
Received Import Request.
  Time since last request: 0.000013 seconds.
  path: Assets/Swords/Art/Weapons/LowPoly/FreeSwords/Prefabs/Sword12_Green.prefab
  artifactKey: Guid(2efd1c51d7e487f4ba79e734c950eca8) Importer(815301076,1909f56bfc062723c751e8b465ee728b)
Number of updated assets reloaded before import = 0
Start importing Assets/Swords/Art/Weapons/LowPoly/FreeSwords/Prefabs/Sword12_Green.prefab using Guid(2efd1c51d7e487f4ba79e734c950eca8) Importer(815301076,1909f56bfc062723c751e8b465ee728b)  -> (artifact id: '0792d92c212eee0ab75c61429a99584c') in 0.017345 seconds 
Number of asset objects unloaded after import = 12
========================================================================
Received Import Request.
  Time since last request: 0.000011 seconds.
  path: Assets/Swords/Art/Weapons/LowPoly/FreeSwords/Prefabs/Sword5_Yellow.prefab
  artifactKey: Guid(bc3fa5aec1f5e6f46a12470efae31586) Importer(815301076,1909f56bfc062723c751e8b465ee728b)
Number of updated assets reloaded before import = 0
Start importing Assets/Swords/Art/Weapons/LowPoly/FreeSwords/Prefabs/Sword5_Yellow.prefab using Guid(bc3fa5aec1f5e6f46a12470efae31586) Importer(815301076,1909f56bfc062723c751e8b465ee728b)  -> (artifact id: 'baadfb3c29d9cbe44f880fe65f4ff579') in 0.017493 seconds 
Number of asset objects unloaded after import = 11
========================================================================
Received Import Request.
  Time since last request: 0.000013 seconds.
  path: Assets/Swords/Art/Weapons/LowPoly/FreeSwords/Prefabs/Sword15_Earth.prefab
  artifactKey: Guid(02ffcdcce496f7b429bc8890255da4a6) Importer(815301076,1909f56bfc062723c751e8b465ee728b)
Number of updated assets reloaded before import = 0
Start importing Assets/Swords/Art/Weapons/LowPoly/FreeSwords/Prefabs/Sword15_Earth.prefab using Guid(02ffcdcce496f7b429bc8890255da4a6) Importer(815301076,1909f56bfc062723c751e8b465ee728b)  -> (artifact id: '744b2f8708b078ee25b4ea56cd6f4efb') in 0.017391 seconds 
Number of asset objects unloaded after import = 12
========================================================================
Received Import Request.
  Time since last request: 0.000011 seconds.
  path: Assets/Swords/Art/Weapons/LowPoly/FreeSwords/Prefabs/Sword14_Yellow.prefab
  artifactKey: Guid(e52959e3043254b408ed3a5eca5b3a6d) Importer(815301076,1909f56bfc062723c751e8b465ee728b)
Number of updated assets reloaded before import = 0
Start importing Assets/Swords/Art/Weapons/LowPoly/FreeSwords/Prefabs/Sword14_Yellow.prefab using Guid(e52959e3043254b408ed3a5eca5b3a6d) Importer(815301076,1909f56bfc062723c751e8b465ee728b)  -> (artifact id: '872174a5b5972db0ac5efa146c6d69b8') in 0.016151 seconds 
Number of asset objects unloaded after import = 12
========================================================================
Received Import Request.
  Time since last request: 0.000013 seconds.
  path: Assets/Swords/Art/Weapons/LowPoly/FreeSwords/Prefabs/Sword12_Purple.prefab
  artifactKey: Guid(d876f71e74b8f8c4f9be7bf1137f38cc) Importer(815301076,1909f56bfc062723c751e8b465ee728b)
Number of updated assets reloaded before import = 0
Start importing Assets/Swords/Art/Weapons/LowPoly/FreeSwords/Prefabs/Sword12_Purple.prefab using Guid(d876f71e74b8f8c4f9be7bf1137f38cc) Importer(815301076,1909f56bfc062723c751e8b465ee728b)  -> (artifact id: 'cf705ca9c7eb013a9d7da596c756d92d') in 0.018744 seconds 
Number of asset objects unloaded after import = 12
========================================================================
Received Import Request.
  Time since last request: 0.000020 seconds.
  path: Assets/Swords/Art/Weapons/LowPoly/FreeSwords/Prefabs/Sword2_Yellow.prefab
  artifactKey: Guid(f8ab3275b4dd1724ea174a727f8f3378) Importer(815301076,1909f56bfc062723c751e8b465ee728b)
Number of updated assets reloaded before import = 0
Start importing Assets/Swords/Art/Weapons/LowPoly/FreeSwords/Prefabs/Sword2_Yellow.prefab using Guid(f8ab3275b4dd1724ea174a727f8f3378) Importer(815301076,1909f56bfc062723c751e8b465ee728b)  -> (artifact id: '154f32d20c517e7bcc5688aafe3eff36') in 0.015976 seconds 
Number of asset objects unloaded after import = 11
========================================================================
Received Prepare
Registering precompiled user dll's ...
Registered in 0.005224 seconds.
Begin MonoManager ReloadAssembly
Native extension for WindowsStandalone target not found
Refreshing native plugins compatible for Editor in 0.70 ms, found 3 plugins.
Preloading 0 native plugins for Editor in 0.00 ms.
[Package Manager] Server::EnsureServerProcessIsRunning -- launch failed, reason: Unity was launched with the -noUpm command-line argument
[Package Manager] Cannot connect to Unity Package Manager local server
Mono: successfully reloaded assembly
- Completed reload, in  1.018 seconds
Domain Reload Profiling:
	ReloadAssembly (1019ms)
		BeginReloadAssembly (110ms)
			ExecutionOrderSort (0ms)
			DisableScriptedObjects (3ms)
			BackupInstance (0ms)
			ReleaseScriptingObjects (0ms)
			CreateAndSetChildDomain (28ms)
		EndReloadAssembly (844ms)
			LoadAssemblies (71ms)
			RebuildTransferFunctionScriptingTraits (0ms)
			SetupTypeCache (173ms)
			ReleaseScriptCaches (1ms)
			RebuildScriptCaches (27ms)
			SetupLoadedEditorAssemblies (562ms)
				LogAssemblyErrors (0ms)
				InitializePlatformSupportModulesInManaged (5ms)
				SetLoadedEditorAssemblies (0ms)
				RefreshPlugins (1ms)
				BeforeProcessingInitializeOnLoad (40ms)
				ProcessInitializeOnLoadAttributes (495ms)
				ProcessInitializeOnLoadMethodAttributes (14ms)
				AfterProcessingInitializeOnLoad (6ms)
				EditorAssembliesLoaded (0ms)
			ExecutionOrderSort2 (0ms)
			AwakeInstancesAfterBackupRestoration (7ms)
Platform modules already initialized, skipping
Refreshing native plugins compatible for Editor in 0.34 ms, found 3 plugins.
Preloading 0 native plugins for Editor in 0.00 ms.
Unloading 3063 Unused Serialized files (Serialized files now loaded: 0)
Unloading 18 unused Assets / (21.9 KB). Loaded Objects now: 3607.
Memory consumption went from 157.7 MB to 157.7 MB.
Total: 2.223000 ms (FindLiveObjects: 0.205300 ms CreateObjectMapping: 0.059200 ms MarkObjects: 1.941400 ms  DeleteObjects: 0.016300 ms)

AssetImportParameters requested are different than current active one (requested -> active):
  custom:video-decoder-ogg-theora: a1e56fd34408186e4bbccfd4996cb3dc -> 
  custom:container-muxer-webm: aa71ff27fc2769a1b78a27578f13a17b -> 
  custom:container-demuxer-webm: 4f35f7cbe854078d1ac9338744f61a02 -> 
  custom:video-encoder-webm-vp8: eb34c28f22e8b96e1ab97ce403110664 -> 
  custom:video-codec-MediaFoundation-h265: 746d11721c4dcdbdad8f713fa42b33f4 -> 
  custom:CustomObjectIndexerAttribute: bc11b3a6c3213fcdd17b65e7da85e133 -> 
  custom:audio-encoder-webm-vorbis: bf7c407c2cedff20999df2af8eb42d56 -> 
  custom:framework-win-MediaFoundation: 216162199b28c13a410421893ffa2e32 -> 
  custom:SearchIndexIgnoredProperties: e643bd26f0fe6173181afceb89e7c659 -> 
  custom:container-demuxer-ogg: 62fdf1f143b41e24485cea50d1cbac27 -> 
  custom:video-decoder-webm-vp8: 9c59270c3fd7afecdb556c50c9e8de78 -> 
  custom:audio-decoder-ogg-vorbis: bf7c407c2cedff20999df2af8eb42d56 -> 
Editor requested this worker to shutdown with reason: Scaling down because of idle timeout
AssetImportWorker is now disconnected from the server
Process exiting
Exiting without the bug reporter. Application will terminate with return code 0